[T_2,BEGIN]
[T_2,Y:1367,(1367,Bebop,136-876-5284)]
[T_2,COMMIT]
[T_13,BEGIN]
[T_13,X:3003,(3003,Yone,111-222-3331)]
[T_13,COMMIT]
[T_15,BEGIN]
[T_15,X:4400,(4400,Yone,111-222-3331)]
[T_15,COMMIT]
[T_18,BEGIN]
[T_18,X:650,(650,Hellsing,632-282-8023)]
[T_18,COMMIT]
[T_4,BEGIN]
[T_4,X:111111111,(111111111,Yone1,232-188-7281)]
[T_4,COMMIT]
[T_12,BEGIN]
[T_12,COMMIT]
[T_22,BEGIN]
[T_22,COMMIT]
[T_23, DEADLOCK ABORT]
[T_8,BEGIN]
[T_8,Z:1316,(1316,Zaye,826-182-5523)]
[T_8,COMMIT]
[T_26, DEADLOCK ABORT]
[T_26, DEADLOCK ABORT]
[T_29, DEADLOCK ABORT]
[T_31,BEGIN]
[T_31,COMMIT]
[T_11, DEADLOCK ABORT]
[T_11,BEGIN]
[T_11,COMMIT]
[T_29,BEGIN]
[T_29,COMMIT]
[T_32,BEGIN]
[T_32,X:10000000,(10000000,Xone9,111-222-3340)]
[T_32,COMMIT]
[T_0, DEADLOCK ABORT]
[T_0,BEGIN]
[T_0,COMMIT]
[T_20, DEADLOCK ABORT]
[T_20,BEGIN]
[T_20,COMMIT]
[T_14, DEADLOCK ABORT]
[T_14, DEADLOCK ABORT]
[T_14,BEGIN]
[T_14,COMMIT]
[T_10, DEADLOCK ABORT]
[T_10, DEADLOCK ABORT]
[T_10,BEGIN]
[T_10,COMMIT]
